Post Processor Report
OrCAD FILE: D:\UTENTI\00.LAVORI IN CORSO\METALTRONICA\23-319-0 (FOTOCOPPIE LAME LATERALI)\23-319-0.MAX
Thu Jul 06 18:12:34 2023

*********************************************************

Output file: D:\UTENTI\00.LAVORI IN CORSO\METALTRONICA\23-319-0 (FOTOCOPPIE LAME LATERALI)\23-319-0.TOP

Aperture totals for D:\UTENTI\00.LAVORI IN CORSO\METALTRONICA\23-319-0 (FOTOCOPPIE LAME LATERALI)\23-319-0.TOP:
---------------------------------------------------------
D10:  0.0866 ROUND  --       0 Draws,       4 Flashes
D11:  0.0394 ROUND  --       0 Draws,       5 Flashes
D12:  0.0315 x 0.0590 RECTANGLE -----       4 Flashes
D13:  0.0236 x 0.0590 RECTANGLE -----       5 Flashes
D14:  0.0551 ROUND  --       0 Draws,       2 Flashes
D15:  0.0276 ROUND  --       0 Draws,       1 Flashes
D16:  0.0150 ROUND  --      11 Draws,       0 Flashes
D17:  0.0080 ROUND  --       3 Draws,       0 Flashes
D18:  0.0276 ROUND  --       0 Draws,       3 Flashes
D19:  0.0060 ROUND  --      17 Draws,       0 Flashes
---------------------------------------------------------
 10 D-Codes      -----      31 Draws,      24 Flashes

*********************************************************

Output file: D:\UTENTI\00.LAVORI IN CORSO\METALTRONICA\23-319-0 (FOTOCOPPIE LAME LATERALI)\23-319-0.BOT

Aperture totals for D:\UTENTI\00.LAVORI IN CORSO\METALTRONICA\23-319-0 (FOTOCOPPIE LAME LATERALI)\23-319-0.BOT:
---------------------------------------------------------
D10:  0.0866 ROUND  --       0 Draws,       4 Flashes
D11:  0.0394 ROUND  --       0 Draws,       5 Flashes
D14:  0.0551 ROUND  --       0 Draws,       2 Flashes
D15:  0.0276 ROUND  --       0 Draws,       1 Flashes
D16:  0.0150 ROUND  --     161 Draws,       0 Flashes
D17:  0.0080 ROUND  --      15 Draws,       0 Flashes
D18:  0.0276 ROUND  --       0 Draws,       3 Flashes
D19:  0.0060 ROUND  --      66 Draws,       0 Flashes
D20:  0.0380 x 0.0320 RECTANGLE -----      26 Flashes
D21:  0.0354 x 0.0709 RECTANGLE -----       8 Flashes
D22:  0.0570 x 0.0590 RECTANGLE -----       4 Flashes
D23:  0.0500 x 0.0270 RECTANGLE -----      10 Flashes
D24:  0.0500 x 0.0400 RECTANGLE -----       3 Flashes
D25:  0.0120 ROUND  --       9 Draws,       0 Flashes
---------------------------------------------------------
 14 D-Codes      -----     251 Draws,      66 Flashes

*********************************************************

Output file: D:\UTENTI\00.LAVORI IN CORSO\METALTRONICA\23-319-0 (FOTOCOPPIE LAME LATERALI)\23-319-0.SMT

Aperture totals for D:\UTENTI\00.LAVORI IN CORSO\METALTRONICA\23-319-0 (FOTOCOPPIE LAME LATERALI)\23-319-0.SMT:
---------------------------------------------------------
D12:  0.0315 x 0.0590 RECTANGLE -----       4 Flashes
D13:  0.0236 x 0.0590 RECTANGLE -----       5 Flashes
D26:  0.0590 ROUND  --       0 Draws,       3 Flashes
---------------------------------------------------------
  3 D-Codes      -----       0 Draws,      12 Flashes

*********************************************************

Output file: D:\UTENTI\00.LAVORI IN CORSO\METALTRONICA\23-319-0 (FOTOCOPPIE LAME LATERALI)\23-319-0.SMB

Aperture totals for D:\UTENTI\00.LAVORI IN CORSO\METALTRONICA\23-319-0 (FOTOCOPPIE LAME LATERALI)\23-319-0.SMB:
---------------------------------------------------------
D20:  0.0380 x 0.0320 RECTANGLE -----      26 Flashes
D21:  0.0354 x 0.0709 RECTANGLE -----       8 Flashes
D22:  0.0570 x 0.0590 RECTANGLE -----       4 Flashes
D23:  0.0500 x 0.0270 RECTANGLE -----      10 Flashes
D24:  0.0500 x 0.0400 RECTANGLE -----       3 Flashes
D26:  0.0590 ROUND  --       0 Draws,       3 Flashes
---------------------------------------------------------
  6 D-Codes      -----       0 Draws,      54 Flashes

*********************************************************

Output file: D:\UTENTI\00.LAVORI IN CORSO\METALTRONICA\23-319-0 (FOTOCOPPIE LAME LATERALI)\23-319-0.SPT

Aperture totals for D:\UTENTI\00.LAVORI IN CORSO\METALTRONICA\23-319-0 (FOTOCOPPIE LAME LATERALI)\23-319-0.SPT:
---------------------------------------------------------
D12:  0.0315 x 0.0590 RECTANGLE -----       4 Flashes
D13:  0.0236 x 0.0590 RECTANGLE -----       5 Flashes
---------------------------------------------------------
  2 D-Codes      -----       0 Draws,       9 Flashes

*********************************************************

Output file: D:\UTENTI\00.LAVORI IN CORSO\METALTRONICA\23-319-0 (FOTOCOPPIE LAME LATERALI)\23-319-0.SPB

Aperture totals for D:\UTENTI\00.LAVORI IN CORSO\METALTRONICA\23-319-0 (FOTOCOPPIE LAME LATERALI)\23-319-0.SPB:
---------------------------------------------------------
D20:  0.0380 x 0.0320 RECTANGLE -----      26 Flashes
D21:  0.0354 x 0.0709 RECTANGLE -----       8 Flashes
D22:  0.0570 x 0.0590 RECTANGLE -----       4 Flashes
D23:  0.0500 x 0.0270 RECTANGLE -----      10 Flashes
D24:  0.0500 x 0.0400 RECTANGLE -----       3 Flashes
---------------------------------------------------------
  5 D-Codes      -----       0 Draws,      51 Flashes

*********************************************************

Output file: D:\UTENTI\00.LAVORI IN CORSO\METALTRONICA\23-319-0 (FOTOCOPPIE LAME LATERALI)\23-319-0.SST

Aperture totals for D:\UTENTI\00.LAVORI IN CORSO\METALTRONICA\23-319-0 (FOTOCOPPIE LAME LATERALI)\23-319-0.SST:
---------------------------------------------------------
D19:  0.0060 ROUND  --     241 Draws,       0 Flashes
D27:  0.0010 ROUND  --      20 Draws,       0 Flashes
---------------------------------------------------------
  2 D-Codes      -----     261 Draws,       0 Flashes

*********************************************************

Output file: D:\UTENTI\00.LAVORI IN CORSO\METALTRONICA\23-319-0 (FOTOCOPPIE LAME LATERALI)\23-319-0.SSB

Aperture totals for D:\UTENTI\00.LAVORI IN CORSO\METALTRONICA\23-319-0 (FOTOCOPPIE LAME LATERALI)\23-319-0.SSB:
---------------------------------------------------------
D19:  0.0060 ROUND  --     561 Draws,       0 Flashes
D28:  0.0100 ROUND  --     124 Draws,       0 Flashes
---------------------------------------------------------
  2 D-Codes      -----     685 Draws,       0 Flashes

*********************************************************

Output file: D:\UTENTI\00.LAVORI IN CORSO\METALTRONICA\23-319-0 (FOTOCOPPIE LAME LATERALI)\23-319-0.DRD

Aperture totals for D:\UTENTI\00.LAVORI IN CORSO\METALTRONICA\23-319-0 (FOTOCOPPIE LAME LATERALI)\23-319-0.DRD:
---------------------------------------------------------
D28:  0.0100 ROUND  --     740 Draws,       0 Flashes
---------------------------------------------------------
  1 D-Codes      -----     740 Draws,       0 Flashes


*********************************************************

Aperture totals for entire project:
---------------------------------------------------------
D10:  0.0866 ROUND  --       0 Draws,       8 Flashes
D11:  0.0394 ROUND  --       0 Draws,      10 Flashes
D12:  0.0315 x 0.0590 RECTANGLE -----      12 Flashes
D13:  0.0236 x 0.0590 RECTANGLE -----      15 Flashes
D14:  0.0551 ROUND  --       0 Draws,       4 Flashes
D15:  0.0276 ROUND  --       0 Draws,       2 Flashes
D16:  0.0150 ROUND  --     172 Draws,       0 Flashes
D17:  0.0080 ROUND  --      18 Draws,       0 Flashes
D18:  0.0276 ROUND  --       0 Draws,       6 Flashes
D19:  0.0060 ROUND  --     885 Draws,       0 Flashes
D20:  0.0380 x 0.0320 RECTANGLE -----      78 Flashes
D21:  0.0354 x 0.0709 RECTANGLE -----      24 Flashes
D22:  0.0570 x 0.0590 RECTANGLE -----      12 Flashes
D23:  0.0500 x 0.0270 RECTANGLE -----      30 Flashes
D24:  0.0500 x 0.0400 RECTANGLE -----       9 Flashes
D25:  0.0120 ROUND  --       9 Draws,       0 Flashes
D26:  0.0590 ROUND  --       0 Draws,       6 Flashes
D27:  0.0010 ROUND  --      20 Draws,       0 Flashes
D28:  0.0100 ROUND  --     864 Draws,       0 Flashes
---------------------------------------------------------
 19 D-Codes      -----    1968 Draws,     216 Flashes


No warnings or errors.
